<?xml version="1.0" encoding="UTF-8"?>
<!-- Generated by org.testng.reporters.JUnitXMLReporter -->
<testsuite hostname="VT0-IT-47-D143" name="BP Regression Test Suite" tests="1" failures="1" timestamp="1 Nov 2023 08:33:52 GMT" time="325.403" errors="0">
  <testcase name="BP_7" time="310.9" classname="pw.RunnerScripts.BPRunner">
    <failure type="java.lang.Error" message="Unresolved compilation problem: 
	Syntax error on tokens, delete these tokens
">
      <![CDATA[java.lang.Error: Unresolved compilation problem: 
	Syntax error on tokens, delete these tokens

	at pw.pages.COMMON.PW_CommonMethods.getUpdateFormsVariable(PW_CommonMethods.java:382)
	at pw.pages.COMMON.PW_CommonMethods.getDashboardForms(PW_CommonMethods.java:567)
	at pw.regressions.BP.BP7_KY_BPRegression.KY_BPRegressionMethod(BP7_KY_BPRegression.java:249)
	at pw.RunnerScripts.BPRunner.BP_7(BPRunner.java:199)
	at java.util.concurrent.Executors$RunnableAdapter.call(Unknown Source)
	at java.util.concurrent.FutureTask.run(Unknown Source)
	at java.util.concurrent.ThreadPoolExecutor.runWorker(Unknown Source)
	at java.util.concurrent.ThreadPoolExecutor$Worker.run(Unknown Source)
	at java.lang.Thread.run(Unknown Source)
... Removed 7 stack frames]]>
    </failure>
  </testcase> <!-- BP_7 -->
</testsuite> <!-- BP Regression Test Suite -->
